<?xml version="1.0" encoding="UTF-8"?>
<!-- Generated by org.testng.reporters.JUnitReportReporter -->
<testsuite hostname="DESKTOP-PE6GE85" failures="0" tests="1" name="login.DWS_Features_Products_03_Test" time="3.325" errors="0" timestamp="2023-11-04T11:17:53 IST" skipped="0">
  <testcase classname="login.DWS_Features_Products_03_Test" name="Add_product_to_cart_and_check_in_cart" time="3.325"/>
</testsuite> <!-- login.DWS_Features_Products_03_Test -->
