<?xml version="1.0" encoding="UTF-8"?>
<!-- Generated by org.testng.reporters.JUnitReportReporter -->
<testsuite hostname="DESKTOP-PE6GE85" failures="0" tests="1" name="login.DWS_Register_02_Test" time="3.217" errors="0" timestamp="2023-11-04T11:11:51 IST" skipped="0">
  <testcase classname="login.DWS_Register_02_Test" name="Register_to_application_with_valid_credentials" time="3.217"/>
</testsuite> <!-- login.DWS_Register_02_Test -->
