<?xml version="1.0" encoding="UTF-8"?>
<!-- Generated by org.testng.reporters.JUnitReportReporter -->
<testsuite hostname="DESKTOP-PE6GE85" failures="0" tests="1" name="login.DWS_Login_01_Test" time="4.830" errors="0" timestamp="2023-11-03T21:22:12 IST" skipped="0">
  <testcase classname="login.DWS_Login_01_Test" name="Login_to_application_with_valid_credentials" time="4.830"/>
</testsuite> <!-- login.DWS_Login_01_Test -->
