<?xml version="1.0" encoding="UTF-8"?>
<!-- Generated by org.testng.reporters.JUnitReportReporter -->
<testsuite hostname="DESKTOP-PE6GE85" failures="0" tests="1" name="login.DWS_Desktop_05_Test" time="8.141" errors="0" timestamp="2023-11-04T11:47:25 IST" skipped="0">
  <testcase classname="login.DWS_Desktop_05_Test" name="Add_two_product_to_compare_and_check" time="8.141"/>
</testsuite> <!-- login.DWS_Desktop_05_Test -->
