<?xml version="1.0" encoding="UTF-8"?>
<!-- Generated by org.testng.reporters.JUnitReportReporter -->
<testsuite hostname="DESKTOP-PE6GE85" failures="0" tests="1" name="login.DWS_Books_04_Test" time="4.939" errors="0" timestamp="2023-11-04T11:18:27 IST" skipped="0">
  <testcase classname="login.DWS_Books_04_Test" name="Add_a_book_to_the_cart" time="4.939"/>
</testsuite> <!-- login.DWS_Books_04_Test -->
