<?xml version="1.0" encoding="UTF-8"?>
<!-- Generated by org.testng.reporters.JUnitReportReporter -->
<testsuite hostname="DESKTOP-PE6GE85" failures="0" tests="1" name="login.DWS_Jewelry_07_Test" time="14.800" errors="0" timestamp="2023-11-04T11:22:30 IST" skipped="0">
  <testcase classname="login.DWS_Jewelry_07_Test" name="Filter_the_products_and_check_that_accordingly" time="14.800"/>
</testsuite> <!-- login.DWS_Jewelry_07_Test -->
