<?xml version="1.0" encoding="UTF-8"?>
<!-- Generated by org.testng.reporters.JUnitReportReporter -->
<testsuite hostname="DESKTOP-PE6GE85" failures="0" tests="1" name="login.DWS_Jewelry_08_Test" time="6.311" errors="0" timestamp="2023-11-04T11:51:56 IST" skipped="0">
  <testcase classname="login.DWS_Jewelry_08_Test" name="Email_a_friend_and_check_the_error_message" time="6.311"/>
</testsuite> <!-- login.DWS_Jewelry_08_Test -->
