<?xml version="1.0" encoding="UTF-8"?>
<!-- Generated by org.testng.reporters.JUnitReportReporter -->
<testsuite hostname="DESKTOP-PE6GE85" failures="0" tests="1" name="login.DWS_Desktop_06_Test" time="12.235" errors="0" timestamp="2023-11-04T11:48:12 IST" skipped="0">
  <testcase classname="login.DWS_Desktop_06_Test" name="Add_product_to_compare_and_remove_them" time="12.235"/>
</testsuite> <!-- login.DWS_Desktop_06_Test -->
