<?xml version="1.0" encoding="UTF-8"?>
<!-- Generated by org.testng.reporters.JUnitReportReporter -->
<testsuite hostname="DESKTOP-PE6GE85" failures="0" tests="3" name="frameworkworkcheck.ExcelCheck" time="0.038" errors="0" timestamp="2023-10-27T14:14:43 IST" skipped="0">
  <testcase classname="frameworkworkcheck.ExcelCheck" name="read" time="0.010"/>
  <testcase classname="frameworkworkcheck.ExcelCheck" name="read" time="0.018"/>
  <testcase classname="frameworkworkcheck.ExcelCheck" name="read" time="0.010"/>
</testsuite> <!-- frameworkworkcheck.ExcelCheck -->
